<?xml version="1.0" encoding="UTF-8"?>
<!-- Generated by org.testng.reporters.JUnitReportReporter -->
<testsuite skipped="0" hostname="DESKTOP-LE78F7L" name="regression.ValidateLoginUsingDataProviderExcel2" tests="4" failures="0" timestamp="2021-02-24T09:45:05 IST" time="39.375" errors="0">
  <testcase name="ValidateLoginTest" time="8.550" classname="regression.ValidateLoginUsingDataProviderExcel2"/>
  <system-out/>
  <testcase name="ValidateLoginTest" time="10.767" classname="regression.ValidateLoginUsingDataProviderExcel2"/>
  <system-out/>
  <testcase name="ValidateLoginTest" time="10.637" classname="regression.ValidateLoginUsingDataProviderExcel2"/>
  <system-out/>
  <testcase name="ValidateLoginTest" time="9.421" classname="regression.ValidateLoginUsingDataProviderExcel2"/>
  <system-out/>
</testsuite> <!-- regression.ValidateLoginUsingDataProviderExcel2 -->
