<?xml version="1.0" encoding="UTF-8"?>
<!-- Generated by org.testng.reporters.JUnitReportReporter -->
<testsuite skipped="0" hostname="DESKTOP-LE78F7L" name="regression.AdactinLoginUsingProperties" tests="1" failures="0" timestamp="2021-02-24T10:04:34 IST" time="15.127" errors="0">
  <testcase name="ValidateLoginTest" time="15.127" classname="regression.AdactinLoginUsingProperties"/>
  <system-out/>
</testsuite> <!-- regression.AdactinLoginUsingProperties -->
