<?xml version="1.0" encoding="UTF-8"?>
<!-- Generated by org.testng.reporters.JUnitReportReporter -->
<testsuite skipped="0" hostname="DESKTOP-LE78F7L" name="regression.ValidateLoginUsingPOM" tests="4" failures="0" timestamp="2021-03-04T09:40:14 IST" time="35.607" errors="0">
  <testcase name="loginTestUsingPOM" time="8.911" classname="regression.ValidateLoginUsingPOM"/>
  <system-out/>
  <testcase name="loginTestUsingPOM" time="6.881" classname="regression.ValidateLoginUsingPOM"/>
  <system-out/>
  <testcase name="loginTestUsingPOM" time="11.819" classname="regression.ValidateLoginUsingPOM"/>
  <system-out/>
  <testcase name="loginTestUsingPOM" time="7.996" classname="regression.ValidateLoginUsingPOM"/>
  <system-out/>
</testsuite> <!-- regression.ValidateLoginUsingPOM -->
