<?xml version="1.0" encoding="UTF-8"?>
<!-- Generated by org.testng.reporters.JUnitReportReporter -->
<testsuite skipped="0" hostname="DESKTOP-LE78F7L" name="regression.ValidateLoginUsingDataProvider" tests="4" failures="0" timestamp="2021-02-23T09:44:47 IST" time="39.351" errors="0">
  <testcase name="ValidateLoginTest" time="10.440" classname="regression.ValidateLoginUsingDataProvider"/>
  <system-out/>
  <testcase name="ValidateLoginTest" time="10.400" classname="regression.ValidateLoginUsingDataProvider"/>
  <system-out/>
  <testcase name="ValidateLoginTest" time="9.834" classname="regression.ValidateLoginUsingDataProvider"/>
  <system-out/>
  <testcase name="ValidateLoginTest" time="8.677" classname="regression.ValidateLoginUsingDataProvider"/>
  <system-out/>
</testsuite> <!-- regression.ValidateLoginUsingDataProvider -->
