<?xml version="1.0" encoding="UTF-8"?>
<!-- Generated by org.testng.reporters.JUnitReportReporter -->
<testsuite skipped="0" hostname="DESKTOP-LE78F7L" name="regression.AdactinLoginUsingKeyword" tests="4" failures="0" timestamp="2021-02-25T09:45:04 IST" time="54.553" errors="0">
  <testcase name="ValidateLoginTest" time="10.217" classname="regression.AdactinLoginUsingKeyword"/>
  <system-out/>
  <testcase name="ValidateLoginTest" time="12.759" classname="regression.AdactinLoginUsingKeyword"/>
  <system-out/>
  <testcase name="ValidateLoginTest" time="18.239" classname="regression.AdactinLoginUsingKeyword"/>
  <system-out/>
  <testcase name="ValidateLoginTest" time="13.338" classname="regression.AdactinLoginUsingKeyword"/>
  <system-out/>
</testsuite> <!-- regression.AdactinLoginUsingKeyword -->
