<?xml version="1.0" encoding="UTF-8"?>
<!-- Generated by org.testng.reporters.JUnitReportReporter -->
<testsuite skipped="0" hostname="DESKTOP-LE78F7L" name="regression.ValidateLoginUsingDataProviderExcel" tests="4" failures="0" timestamp="2021-02-24T09:29:39 IST" time="44.045" errors="0">
  <testcase name="ValidateLoginTest" time="11.637" classname="regression.ValidateLoginUsingDataProviderExcel"/>
  <system-out/>
  <testcase name="ValidateLoginTest" time="13.500" classname="regression.ValidateLoginUsingDataProviderExcel"/>
  <system-out/>
  <testcase name="ValidateLoginTest" time="8.809" classname="regression.ValidateLoginUsingDataProviderExcel"/>
  <system-out/>
  <testcase name="ValidateLoginTest" time="10.099" classname="regression.ValidateLoginUsingDataProviderExcel"/>
  <system-out/>
</testsuite> <!-- regression.ValidateLoginUsingDataProviderExcel -->
